Build started 11/02/2015 15:14:52.
     1>Project "C:\Year 4\Real World Modelling\proofOfConcept\proof of concept\proof of concept.vcxproj" on node 2 (Build target(s)).
     1>ClCompile:
         C:\Program Files (x86)\Microsoft Visual Studio 11.0\VC\bin\CL.exe /c /ZI /nologo /W3 /WX- /sdl /Od /Oy- /D _MBCS /Gm /EHsc /RTC1 /MDd /GS /fp:precise /Zc:wchar_t /Zc:forScope /Fo"Debug\\" /Fd"Debug\vc110.pdb" /Gd /TP /analyze- /errorReport:prompt main.cpp
         main.cpp
     1>c:\year 4\real world modelling\proofofconcept\proof of concept\main.cpp(11): warning C4067: unexpected tokens following preprocessor directive - expected a newline
     1>c:\year 4\real world modelling\proofofconcept\proof of concept\ship.h(6): warning C4067: unexpected tokens following preprocessor directive - expected a newline
     1>c:\year 4\real world modelling\proofofconcept\proof of concept\island.h(6): warning C4067: unexpected tokens following preprocessor directive - expected a newline
     1>c:\year 4\real world modelling\proofofconcept\proof of concept\main.cpp(176): warning C4244: 'argument' : conversion from 'clock_t' to 'float', possible loss of data
     1>c:\year 4\real world modelling\proofofconcept\proof of concept\main.cpp(177): warning C4244: 'argument' : conversion from 'clock_t' to 'float', possible loss of data
       Link:
         C:\Program Files (x86)\Microsoft Visual Studio 11.0\VC\bin\link.exe /ERRORREPORT:PROMPT /OUT:"C:\Year 4\Real World Modelling\proofOfConcept\Debug\proof of concept.exe" /INCREMENTAL /NOLOGO SDL2_ttf.lib SDL2_mixer.lib SDL2.lib SDL2main.lib SDL2_image.lib kernel32.lib user32.lib gdi32.lib winspool.lib comdlg32.lib advapi32.lib shell32.lib ole32.lib oleaut32.lib uuid.lib odbc32.lib odbccp32.lib kernel32.lib user32.lib gdi32.lib winspool.lib comdlg32.lib advapi32.lib shell32.lib ole32.lib oleaut32.lib uuid.lib odbc32.lib odbccp32.lib /MANIFEST /MANIFESTUAC:"level='asInvoker' uiAccess='false'" /manifest:embed /DEBUG /PDB:"C:\Year 4\Real World Modelling\proofOfConcept\Debug\proof of concept.pdb" /SUBSYSTEM:WINDOWS /TLBID:1 /DYNAMICBASE /NXCOMPAT /IMPLIB:"C:\Year 4\Real World Modelling\proofOfConcept\Debug\proof of concept.lib" /MACHINE:X86 Debug\Island.obj
         Debug\KeyManager.obj
         Debug\main.obj
         Debug\Ship.obj
         Debug\TextureManager.obj
         Debug\Vector2f.obj
         proof of concept.vcxproj -> C:\Year 4\Real World Modelling\proofOfConcept\Debug\proof of concept.exe
     1>Done Building Project "C:\Year 4\Real World Modelling\proofOfConcept\proof of concept\proof of concept.vcxproj" (Build target(s)).

Build succeeded.

Time Elapsed 00:00:00.80
