C:\YEAR 4\REAL WORLD MODELLING\PROOFOFCONCEPT\PROOF OF CONCEPT\DEBUG\KEYMANAGER.OBJ
C:\YEAR 4\REAL WORLD MODELLING\PROOFOFCONCEPT\PROOF OF CONCEPT\DEBUG\MAIN.OBJ
C:\YEAR 4\REAL WORLD MODELLING\PROOFOFCONCEPT\PROOF OF CONCEPT\DEBUG\SHIP.OBJ
C:\YEAR 4\REAL WORLD MODELLING\PROOFOFCONCEPT\PROOF OF CONCEPT\DEBUG\TEXTUREMANAGER.OBJ
C:\YEAR 4\REAL WORLD MODELLING\PROOFOFCONCEPT\PROOF OF CONCEPT\DEBUG\VECTOR2F.OBJ
C:\YEAR 4\REAL WORLD MODELLING\PROOFOFCONCEPT\PROOF OF CONCEPT\DEBUG\VC110.PDB
C:\YEAR 4\REAL WORLD MODELLING\PROOFOFCONCEPT\PROOF OF CONCEPT\DEBUG\ISLAND.OBJ
C:\YEAR 4\REAL WORLD MODELLING\PROOFOFCONCEPT\DEBUG\PROOF OF CONCEPT.ILK
C:\YEAR 4\REAL WORLD MODELLING\PROOFOFCONCEPT\DEBUG\PROOF OF CONCEPT.EXE
C:\YEAR 4\REAL WORLD MODELLING\PROOFOFCONCEPT\DEBUG\PROOF OF CONCEPT.PDB
C:\Year 4\Real World Modelling\proofOfConcept\proof of concept\Debug\Island.obj
C:\Year 4\Real World Modelling\proofOfConcept\proof of concept\Debug\KeyManager.obj
C:\Year 4\Real World Modelling\proofOfConcept\proof of concept\Debug\main.obj
C:\Year 4\Real World Modelling\proofOfConcept\proof of concept\Debug\Ship.obj
C:\Year 4\Real World Modelling\proofOfConcept\proof of concept\Debug\TextureManager.obj
C:\Year 4\Real World Modelling\proofOfConcept\proof of concept\Debug\Vector2f.obj
C:\Year 4\Real World Modelling\proofOfConcept\proof of concept\Debug\cl.command.1.tlog
C:\Year 4\Real World Modelling\proofOfConcept\proof of concept\Debug\CL.read.1.tlog
C:\Year 4\Real World Modelling\proofOfConcept\proof of concept\Debug\CL.write.1.tlog
C:\Year 4\Real World Modelling\proofOfConcept\proof of concept\Debug\link-cvtres.read.1.tlog
C:\Year 4\Real World Modelling\proofOfConcept\proof of concept\Debug\link-cvtres.write.1.tlog
C:\Year 4\Real World Modelling\proofOfConcept\proof of concept\Debug\link-rc.read.1.tlog
C:\Year 4\Real World Modelling\proofOfConcept\proof of concept\Debug\link-rc.write.1.tlog
C:\Year 4\Real World Modelling\proofOfConcept\proof of concept\Debug\link.3216-cvtres.read.1.tlog
C:\Year 4\Real World Modelling\proofOfConcept\proof of concept\Debug\link.3216-cvtres.write.1.tlog
C:\Year 4\Real World Modelling\proofOfConcept\proof of concept\Debug\link.3216-rc.read.1.tlog
C:\Year 4\Real World Modelling\proofOfConcept\proof of concept\Debug\link.3216-rc.write.1.tlog
C:\Year 4\Real World Modelling\proofOfConcept\proof of concept\Debug\link.3216.read.1.tlog
C:\Year 4\Real World Modelling\proofOfConcept\proof of concept\Debug\link.3216.write.1.tlog
C:\Year 4\Real World Modelling\proofOfConcept\proof of concept\Debug\link.3484-cvtres.read.1.tlog
C:\Year 4\Real World Modelling\proofOfConcept\proof of concept\Debug\link.3484-cvtres.write.1.tlog
C:\Year 4\Real World Modelling\proofOfConcept\proof of concept\Debug\link.3484-rc.read.1.tlog
C:\Year 4\Real World Modelling\proofOfConcept\proof of concept\Debug\link.3484-rc.write.1.tlog
C:\Year 4\Real World Modelling\proofOfConcept\proof of concept\Debug\link.3484.read.1.tlog
C:\Year 4\Real World Modelling\proofOfConcept\proof of concept\Debug\link.3484.write.1.tlog
C:\Year 4\Real World Modelling\proofOfConcept\proof of concept\Debug\link.6192-cvtres.read.1.tlog
C:\Year 4\Real World Modelling\proofOfConcept\proof of concept\Debug\link.6192-cvtres.write.1.tlog
C:\Year 4\Real World Modelling\proofOfConcept\proof of concept\Debug\link.6192-rc.read.1.tlog
C:\Year 4\Real World Modelling\proofOfConcept\proof of concept\Debug\link.6192-rc.write.1.tlog
C:\Year 4\Real World Modelling\proofOfConcept\proof of concept\Debug\link.6192.read.1.tlog
C:\Year 4\Real World Modelling\proofOfConcept\proof of concept\Debug\link.6192.write.1.tlog
C:\Year 4\Real World Modelling\proofOfConcept\proof of concept\Debug\link.7048-cvtres.read.1.tlog
C:\Year 4\Real World Modelling\proofOfConcept\proof of concept\Debug\link.7048-cvtres.write.1.tlog
C:\Year 4\Real World Modelling\proofOfConcept\proof of concept\Debug\link.7048-rc.read.1.tlog
C:\Year 4\Real World Modelling\proofOfConcept\proof of concept\Debug\link.7048-rc.write.1.tlog
C:\Year 4\Real World Modelling\proofOfConcept\proof of concept\Debug\link.7048.read.1.tlog
C:\Year 4\Real World Modelling\proofOfConcept\proof of concept\Debug\link.7048.write.1.tlog
C:\Year 4\Real World Modelling\proofOfConcept\proof of concept\Debug\link.command.1.tlog
C:\Year 4\Real World Modelling\proofOfConcept\proof of concept\Debug\link.read.1.tlog
C:\Year 4\Real World Modelling\proofOfConcept\proof of concept\Debug\link.write.1.tlog
C:\Year 4\Real World Modelling\proofOfConcept\proof of concept\Debug\vc110.idb
C:\Year 4\Real World Modelling\proofOfConcept\proof of concept\Debug\vc110.pdb
C:\Year 4\Real World Modelling\proofOfConcept\Debug\proof of concept.pdb
C:\Year 4\Real World Modelling\proofOfConcept\Debug\proof of concept.exe
C:\Year 4\Real World Modelling\proofOfConcept\Debug\proof of concept.ilk
